3.18856052672e-14 0.346086444193 
2.08943973234e-14 36.4292458529 
1.09351194766e-11 1.81541107265 
4.46753745109e-14 0.414652210647 
1.66533453694e-15 0.584304513678 
3.02380342987e-13 0.57577534312 
8.00759458741e-13 1.20625814792 
3.02180502842e-13 1.72690751689 
1.26765264952e-12 0.931140065723 
6.72795152923e-15 0.221489652615 
9.80904246717e-13 0.320621757334 
2.99982261254e-14 0.963910091572 
9.83124692766e-13 0.942445198403 
4.66826577394e-13 29.1768604929 
1.58941386719e-09 13.1682112179 
2.83773005094e-14 1.29981241965 
2.23711640324e-09 78.111647648 
1.12621023618e-13 1.70453116658 
1.34799802431e-09 60.2482198517 
3.58912899401e-13 2.14714492182 
6.8125505237e-13 1.93326906903 
9.84075043675e-12 46.3213695985 
1.03073105606e-12 1.10257021472 
1.03916875105e-14 0.846850736402 
4.98268093452e-14 0.464986554427 
4.78728168218e-14 0.449607986808 
4.63318272637e-13 0.814792691773 
7.88156206966e-12 11.1692982541 
5.90270055056e-12 0.778386912232 
2.676392441e-12 296.925132254 
1.71862524212e-14 0.659379339943 
1.49003032135e-12 37.0861692721 
3.31034954559e-08 58102.7347202 
4.39090883653e-09 1344.25133416 
6.35047570086e-15 11.7012992376 
2.84217094304e-15 0.685336842951 
0.0140947964217 6.94308282888 
4.93303176086e-12 405.388580565 
7.72493180534e-14 0.70622776396 
1.94466664993e-13 0.926523601728 
2.27329266522e-13 8.33379711799 
3.06807912409e-12 21.8018560297 
1.1768364061e-15 0.186740223176 
8.36999524645e-07 50958.4896091 
0.00471798363221 0.368821124933 
3.77453623912e-13 1.38679328155 
3.10862446895e-16 0.229398885191 
0.00351077984133 8.33216738287 
4.15685263988e-12 280.025921309 
0.0463968809354 1.82118449288 
9.31210664135e-13 3.39618540427 
1.1245671061e-12 13.5048448003 
9.89106574423e-12 9.08468176059 
5.88418203051e-15 8.09255999072 
1.38533629013e-13 0.365589474833 
7.46780415284e-13 3.40652239541 
1.42108547152e-14 0.957631586098 
1.09067199716e-11 0.448835014438 
2.02726724297e-14 0.159078619263 
1.34156714626e-08 83.3154472901 
4.3289452023e-10 3.12753464737 
1.05915276549e-13 0.30299554219 
1.34781075189e-14 0.165294572643 
1.50013335087e-13 1.99288946125 
2.85671486466e-12 5.19717159075 
1.29026567208e-11 3.53743640041 
4.03290734141e-12 2.57673155092 
3.57491813929e-15 0.240473842719 
3.39261951865e-13 0.422511363831 
1.50270906829e-12 10.6027810384 
8.28004331765e-14 1.72876395966 
7.14983627859e-15 0.532132015856 
5.52265344567e-11 5.55317414178 
7.84685649791e-12 2.2958259988 
0.29886808485 212.635841031 
6.74815758828e-13 1.04719328972 
5.94191362779e-14 5.74853405149 
1.73749903354e-13 5.79284815123 
4.9808379643e-12 8.77420835332 
1.36380684523e-11 25.1678330464 
1.06127995281e-11 15.2100297551 
5.90549831259e-13 2.19838041728 
0.00215672712533 3.69624547406 
2.60213184333e-11 32.4695877776 
0.00233062723843 3.74689277236 
0.00875341482726 0.27024252316 
1.18782761405e-12 2.64905704558 
2.0739543416e-11 6.27191747648 
6.66138255667e-12 38.9810801886 
8.52651282912e-15 0.472906757626 
1.96176408451e-13 1.41135048606 
5.34683408659e-14 4.63764663082 
1.17283960321e-13 14.0096392803 
3.90896204294e-12 6.01427365707 
6.66577903985e-14 0.454173692703 
5.90675467205e-08 27723.0557959 
2.93853830158e-13 1.62128748729 
6.50812737035e-14 1.32496617938 
8.57831443657e-09 1226.32600236 
