1.71668235183e-15 0.06585644914 
6.25888230132e-16 0.0110052935598 
3.38201688876e-15 0.0469110921131 
2.83106871279e-15 0.061563962912 
4.54497550706e-15 0.107341834804 
4.38676872605e-15 0.240059685443 
5.83283421562e-15 0.168657704486 
1.80411241502e-15 0.0174061557803 
1.74624203986e-14 0.2106692279 
6.48092690625e-16 0.0111615564417 
2.66592303788e-15 0.0467931235654 
9.78384040451e-16 0.0440718154018 
3.14054338091e-15 0.16451495038 
8.92744211889e-14 5.41680046123 
4.23272528138e-16 0.0119148324664 
3.4444669339e-15 0.0358661684636 
3.91214838302e-15 0.0590039953276 
1.75102987665e-15 0.0784973964216 
5.92581539394e-16 0.0551125058514 
2.37171393636e-15 0.0816190073917 
2.0941581802e-15 0.0440442746793 
1.06026298852e-15 0.0627684565167 
3.33913452444e-14 0.21569817626 
2.65482080763e-15 0.209835028664 
6.3976601794e-16 0.0218966676483 
4.45893322265e-15 0.08134199487 
1.93317584163e-15 0.0880786619489 
1.47937218031e-15 0.0584916838675 
2.33701946684e-15 0.145122577692 
8.39189828739e-15 0.127533859185 
1.96925808993e-15 0.0498822018108 
3.62210261784e-16 0.0199295674578 
5.27737575862e-15 0.111260911259 
1.20396748127e-14 0.0820538655545 
1.6389667401e-15 0.0418840998678 
1.50296441959e-15 0.0408072472043 
1.83603132697e-15 0.0734835415011 
1.62092561595e-15 0.0133343746947 
0.0249683776692 0.0284453462246 
3.91214838302e-15 0.127070914706 
1.96925808993e-15 0.0499569662255 
1.11008424675e-14 0.2338366122 
1.53627111033e-15 0.114793647749 
1.02598485263e-14 0.104150326419 
2.41154318736e-14 0.0763516914552 
1.2781442571e-15 0.0212093446299 
1.31145094784e-15 0.0407676740674 
5.42621503286e-16 0.060633855557 
1.08697773005e-15 0.0226732150981 
5.61009572131e-14 0.17687204612 
3.41809913706e-15 0.0871923603256 
6.5780714209e-16 0.0270819280889 
4.23550083894e-15 0.134935707504 
5.51211853939e-14 1.29023425671 
2.71865863155e-15 0.110103785832 
2.05252481678e-15 0.0369358030888 
1.43912659567e-15 0.0358810762528 
6.38517017038e-15 0.0576295787504 
6.84174938925e-16 0.0559210629093 
3.98292510084e-16 0.00990043556735 
8.01702454423e-16 0.0184762289552 
1.90264470845e-15 0.0286320572422 
1.64798730218e-14 0.566423612936 
1.89431803577e-15 0.128440515297 
5.56638068971e-15 0.111977106095 
2.9823365999e-15 0.0384124587495 
9.21901444073e-15 0.138795329639 
2.23016050072e-15 0.0469093672785 
1.68573488502e-14 0.132216505396 
1.05609965217e-15 0.0678548364014 
7.58247631349e-16 0.038725552809 
3.03784775113e-15 0.0519259264261 
2.20864992961e-14 0.713905905512 
4.37289093824e-15 0.0561402172069 
1.22402088465e-15 0.0286798448981 
6.93195501e-15 0.0407015716212 
3.43614026121e-15 0.0455389094173 
2.45446024616e-15 0.116425462438 
3.73451269908e-15 0.0711585837433 
7.0624062154e-15 0.454009417726 
5.41927613895e-16 0.0161334519388 
9.03999097801e-15 0.0674737617746 
4.85861351152e-15 0.091963613228 
6.9250161161e-16 0.0418682807822 
1.47173939702e-14 0.22958185574 
5.63472879467e-15 0.0583450874181 
4.04537514598e-15 0.0427213022019 
5.75997582963e-14 0.672744703483 
0.0781341328563 0.0778412079582 
1.17662685151e-12 5.77282040471 
1.22540866343e-15 0.0630533415836 
1.54737334057e-15 0.055505338221 
2.34770536345e-14 0.896151177372 
7.70043750986e-16 0.0420097998754 
1.21999632618e-14 0.184024745591 
1.55864904317e-15 0.0731487646121 
2.01047511972e-14 1.15500322811 
3.25919846667e-15 0.0169953524983 
8.56779924785e-16 0.0279292154845 
